mode: set
go-postgres/handlers/xml_helpers.go:30.74,38.19 5 1
go-postgres/handlers/xml_helpers.go:41.5,43.19 2 1
go-postgres/handlers/xml_helpers.go:56.5,56.15 1 1
go-postgres/handlers/xml_helpers.go:38.19,40.6 1 0
go-postgres/handlers/xml_helpers.go:43.19,49.6 2 0
go-postgres/handlers/xml_helpers.go:49.11,55.6 1 1
go-postgres/handlers/xml_helpers.go:59.89,65.19 3 1
go-postgres/handlers/xml_helpers.go:78.5,78.15 1 1
go-postgres/handlers/xml_helpers.go:65.19,72.6 2 1
go-postgres/handlers/xml_helpers.go:72.11,77.6 1 1
go-postgres/handlers/xml_helpers.go:81.85,88.19 4 1
go-postgres/handlers/xml_helpers.go:93.5,95.19 2 1
go-postgres/handlers/xml_helpers.go:112.5,112.15 1 1
go-postgres/handlers/xml_helpers.go:88.19,90.6 1 0
go-postgres/handlers/xml_helpers.go:95.19,101.6 2 1
go-postgres/handlers/xml_helpers.go:101.11,110.6 2 1
go-postgres/handlers/xml_helpers.go:115.85,120.19 3 1
go-postgres/handlers/xml_helpers.go:137.5,137.15 1 1
go-postgres/handlers/xml_helpers.go:120.19,126.6 2 1
go-postgres/handlers/xml_helpers.go:126.11,135.6 2 0
go-postgres/handlers/xml_helpers.go:140.54,145.2 2 1
go-postgres/handlers/xml_helpers.go:147.79,155.19 5 1
go-postgres/handlers/xml_helpers.go:169.5,169.15 1 1
go-postgres/handlers/xml_helpers.go:155.19,162.6 2 1
go-postgres/handlers/xml_helpers.go:162.11,167.6 1 1
go-postgres/handlers/xml_helpers.go:174.63,193.19 6 1
go-postgres/handlers/xml_helpers.go:198.5,201.19 2 1
go-postgres/handlers/xml_helpers.go:193.19,196.6 2 0
go-postgres/handlers/xml_helpers.go:206.57,224.16 7 1
go-postgres/handlers/xml_helpers.go:235.5,235.24 1 0
go-postgres/handlers/xml_helpers.go:225.24,227.28 2 1
go-postgres/handlers/xml_helpers.go:228.14,229.28 1 1
go-postgres/handlers/xml_helpers.go:230.13,232.28 2 0
go-postgres/handlers/xml_helpers.go:241.73,255.19 5 1
go-postgres/handlers/xml_helpers.go:261.5,263.19 2 1
go-postgres/handlers/xml_helpers.go:268.5,268.26 1 1
go-postgres/handlers/xml_helpers.go:272.5,274.29 2 1
go-postgres/handlers/xml_helpers.go:255.19,258.6 2 0
go-postgres/handlers/xml_helpers.go:263.19,266.6 2 0
go-postgres/handlers/xml_helpers.go:268.26,270.6 1 1
go-postgres/handlers/xml_helpers.go:280.46,294.19 5 1
go-postgres/handlers/xml_helpers.go:300.5,302.19 2 1
go-postgres/handlers/xml_helpers.go:307.5,308.26 2 1
go-postgres/handlers/xml_helpers.go:312.5,312.29 1 0
go-postgres/handlers/xml_helpers.go:294.19,297.6 2 0
go-postgres/handlers/xml_helpers.go:302.19,305.6 2 0
go-postgres/handlers/xml_helpers.go:308.26,310.6 1 1
go-postgres/handlers/xml_helpers.go:316.54,331.19 6 1
go-postgres/handlers/xml_helpers.go:337.5,340.21 2 1
go-postgres/handlers/xml_helpers.go:353.5,353.25 1 1
go-postgres/handlers/xml_helpers.go:331.19,334.6 2 0
go-postgres/handlers/xml_helpers.go:340.21,346.23 3 1
go-postgres/handlers/xml_helpers.go:350.9,350.45 1 1
go-postgres/handlers/xml_helpers.go:346.23,349.10 2 0
go-postgres/handlers/xml_helpers.go:358.78,369.29 5 1
go-postgres/handlers/xml_helpers.go:374.5,379.19 3 1
go-postgres/handlers/xml_helpers.go:386.5,390.21 3 1
go-postgres/handlers/xml_helpers.go:404.5,404.19 1 1
go-postgres/handlers/xml_helpers.go:409.5,409.25 1 1
go-postgres/handlers/xml_helpers.go:369.29,371.6 1 1
go-postgres/handlers/xml_helpers.go:379.19,382.6 2 0
go-postgres/handlers/xml_helpers.go:390.21,396.23 3 1
go-postgres/handlers/xml_helpers.go:400.9,401.19 2 1
go-postgres/handlers/xml_helpers.go:396.23,399.10 2 0
go-postgres/handlers/xml_helpers.go:404.19,407.6 2 1
go-postgres/handlers/handlers.go:27.33,31.19 2 1
go-postgres/handlers/handlers.go:36.5,38.19 2 1
go-postgres/handlers/handlers.go:43.5,45.19 2 1
go-postgres/handlers/handlers.go:49.5,51.14 2 1
go-postgres/handlers/handlers.go:31.19,33.6 1 0
go-postgres/handlers/handlers.go:38.19,39.19 1 0
go-postgres/handlers/handlers.go:45.19,46.19 1 0
go-postgres/handlers/handlers.go:56.60,66.24 6 0
go-postgres/handlers/handlers.go:67.27,70.8 3 0
go-postgres/handlers/handlers.go:72.26,76.8 4 0
go-postgres/handlers/handlers.go:78.19,83.22 4 0
go-postgres/handlers/handlers.go:85.11,86.58 1 0
go-postgres/handlers/handlers.go:93.57,108.19 8 0
go-postgres/handlers/handlers.go:113.5,115.24 2 0
go-postgres/handlers/handlers.go:108.19,111.6 1 0
go-postgres/handlers/handlers.go:116.34,119.22 3 0
go-postgres/handlers/handlers.go:121.33,125.22 4 0
go-postgres/handlers/handlers.go:127.18,128.72 1 0
go-postgres/handlers/handlers.go:134.60,146.19 7 0
go-postgres/handlers/handlers.go:150.5,152.24 2 0
go-postgres/handlers/handlers.go:146.19,148.6 1 0
go-postgres/handlers/handlers.go:153.34,156.22 3 0
go-postgres/handlers/handlers.go:158.33,162.22 4 0
go-postgres/handlers/handlers.go:163.18,164.72 1 0
go-postgres/handlers/handlers.go:170.60,183.19 7 0
go-postgres/handlers/handlers.go:186.5,188.24 2 0
go-postgres/handlers/handlers.go:183.19,185.6 1 0
go-postgres/handlers/handlers.go:189.34,192.22 3 0
go-postgres/handlers/handlers.go:194.33,198.22 4 0
go-postgres/handlers/handlers.go:200.18,201.72 1 0
go-postgres/handlers/handlers.go:207.60,217.24 7 0
go-postgres/handlers/handlers.go:218.34,220.17 2 0
go-postgres/handlers/handlers.go:225.17,226.22 2 0
go-postgres/handlers/handlers.go:228.33,231.31 3 0
go-postgres/handlers/handlers.go:236.17,237.22 2 0
go-postgres/handlers/handlers.go:239.18,240.72 1 0
go-postgres/handlers/handlers.go:220.17,223.4 2 0
go-postgres/handlers/handlers.go:231.31,234.18 2 0
go-postgres/handlers/handlers.go:247.60,257.24 7 0
go-postgres/handlers/handlers.go:258.34,261.22 3 0
go-postgres/handlers/handlers.go:263.33,268.22 4 0
go-postgres/handlers/handlers.go:270.18,271.72 1 0
go-postgres/handlers/json_helpers.go:30.76,38.19 5 1
go-postgres/handlers/json_helpers.go:41.5,43.19 2 1
go-postgres/handlers/json_helpers.go:56.5,56.15 1 1
go-postgres/handlers/json_helpers.go:38.19,40.6 1 0
go-postgres/handlers/json_helpers.go:43.19,49.6 2 0
go-postgres/handlers/json_helpers.go:49.11,55.6 1 1
go-postgres/handlers/json_helpers.go:59.91,65.19 3 1
go-postgres/handlers/json_helpers.go:78.5,78.15 1 1
go-postgres/handlers/json_helpers.go:65.19,72.6 2 1
go-postgres/handlers/json_helpers.go:72.11,77.6 1 1
go-postgres/handlers/json_helpers.go:81.87,88.19 4 1
go-postgres/handlers/json_helpers.go:93.5,95.19 2 1
go-postgres/handlers/json_helpers.go:112.5,112.15 1 1
go-postgres/handlers/json_helpers.go:88.19,90.6 1 0
go-postgres/handlers/json_helpers.go:95.19,101.6 2 1
go-postgres/handlers/json_helpers.go:101.11,110.6 2 1
go-postgres/handlers/json_helpers.go:115.87,120.19 3 1
go-postgres/handlers/json_helpers.go:137.5,137.15 1 1
go-postgres/handlers/json_helpers.go:120.19,126.6 2 1
go-postgres/handlers/json_helpers.go:126.11,135.6 2 1
go-postgres/handlers/json_helpers.go:140.56,145.2 2 1
go-postgres/handlers/json_helpers.go:147.63,166.19 6 1
go-postgres/handlers/json_helpers.go:171.5,174.19 2 1
go-postgres/handlers/json_helpers.go:166.19,169.6 2 0
go-postgres/handlers/json_helpers.go:177.81,185.19 5 1
go-postgres/handlers/json_helpers.go:199.5,199.15 1 1
go-postgres/handlers/json_helpers.go:185.19,192.6 2 1
go-postgres/handlers/json_helpers.go:192.11,197.6 1 1
go-postgres/handlers/json_helpers.go:204.57,222.16 7 1
go-postgres/handlers/json_helpers.go:233.5,233.24 1 0
go-postgres/handlers/json_helpers.go:223.24,225.28 2 1
go-postgres/handlers/json_helpers.go:226.14,227.28 1 1
go-postgres/handlers/json_helpers.go:228.13,230.28 2 0
go-postgres/handlers/json_helpers.go:239.73,253.19 5 1
go-postgres/handlers/json_helpers.go:259.5,261.19 2 1
go-postgres/handlers/json_helpers.go:266.5,266.26 1 1
go-postgres/handlers/json_helpers.go:270.5,272.29 2 1
go-postgres/handlers/json_helpers.go:253.19,256.6 2 0
go-postgres/handlers/json_helpers.go:261.19,264.6 2 0
go-postgres/handlers/json_helpers.go:266.26,268.6 1 1
go-postgres/handlers/json_helpers.go:278.45,292.19 5 1
go-postgres/handlers/json_helpers.go:298.5,300.19 2 1
go-postgres/handlers/json_helpers.go:305.5,306.26 2 1
go-postgres/handlers/json_helpers.go:310.5,310.29 1 1
go-postgres/handlers/json_helpers.go:292.19,295.6 2 0
go-postgres/handlers/json_helpers.go:300.19,303.6 2 0
go-postgres/handlers/json_helpers.go:306.26,308.6 1 1
go-postgres/handlers/json_helpers.go:314.54,329.19 6 1
go-postgres/handlers/json_helpers.go:335.5,338.21 2 1
go-postgres/handlers/json_helpers.go:351.5,351.25 1 1
go-postgres/handlers/json_helpers.go:329.19,332.6 2 0
go-postgres/handlers/json_helpers.go:338.21,344.23 3 1
go-postgres/handlers/json_helpers.go:348.9,348.45 1 1
go-postgres/handlers/json_helpers.go:344.23,347.10 2 0
go-postgres/handlers/json_helpers.go:354.78,365.29 5 1
go-postgres/handlers/json_helpers.go:370.5,375.19 3 1
go-postgres/handlers/json_helpers.go:382.5,386.21 3 1
go-postgres/handlers/json_helpers.go:400.5,400.19 1 1
go-postgres/handlers/json_helpers.go:405.5,405.25 1 1
go-postgres/handlers/json_helpers.go:365.29,367.6 1 1
go-postgres/handlers/json_helpers.go:375.19,378.6 2 0
go-postgres/handlers/json_helpers.go:386.21,392.23 3 1
go-postgres/handlers/json_helpers.go:396.9,397.19 2 1
go-postgres/handlers/json_helpers.go:392.23,395.10 2 0
go-postgres/handlers/json_helpers.go:400.19,403.6 2 1
go-postgres/handlers/protobuf_helpers.go:16.74,22.19 6 0
go-postgres/handlers/protobuf_helpers.go:25.5,50.19 14 0
go-postgres/handlers/protobuf_helpers.go:60.5,62.16 2 0
go-postgres/handlers/protobuf_helpers.go:22.19,24.6 1 0
go-postgres/handlers/protobuf_helpers.go:50.19,54.6 3 0
go-postgres/handlers/protobuf_helpers.go:54.11,58.6 3 0
